simpletrackinglocation/app/build/intermediates/manifest_merge_blame_file/debug/manifest-merger-blame-debug-report.txt
1<?xml version="1.0" encoding="utf-8"?>
2<manifest xmlns:android="http://schemas.android.com/apk/res/android"
3    package="com.simple_tracking_location"
4    android:versionCode="1"
5    android:versionName="1.0" >
6
7    <uses-sdk
8        android:minSdkVersion="21"
8-->src\main\AndroidManifest.xml
9        android:targetSdkVersion="29" />
9-->src\main\AndroidManifest.xml
10
11    <!--
12         The ACCESS_COARSE/FINE_LOCATION permissions are not required to use
13         Google Maps Android API v2, but you must specify either coarse or fine
14         location permissions for the 'MyLocation' functionality.
15    -->
16    <uses-permission android:name="android.permission.ACCESS_FINE_LOCATION" />
16-->src\main\AndroidManifest.xml:10:5-79
16-->src\main\AndroidManifest.xml:10:22-76
17    <uses-permission android:name="android.permission.INTERNET" />
17-->src\main\AndroidManifest.xml:11:5-67
17-->src\main\AndroidManifest.xml:11:22-64
18    <uses-permission android:name="android.permission.ACCESS_COARSE_LOCATION" />
18-->src\main\AndroidManifest.xml:12:5-81
18-->src\main\AndroidManifest.xml:12:22-78
19    <uses-permission android:name="android.permission.ACCESS_WIFI_STATE" />
19-->src\main\AndroidManifest.xml:13:5-76
19-->src\main\AndroidManifest.xml:13:22-73
20    <uses-permission android:name="android.permission.ACCESS_NETWORK_STATE" />
20-->src\main\AndroidManifest.xml:14:5-79
20-->src\main\AndroidManifest.xml:14:22-76
21
22    <uses-feature
22-->[com.google.android.gms:play-services-maps:17.0.0] AndroidManifest.xml:26:5-28:35
23        android:glEsVersion="0x00020000"
23-->[com.google.android.gms:play-services-maps:17.0.0] AndroidManifest.xml:27:9-41
24        android:required="true" />
24-->[com.google.android.gms:play-services-maps:17.0.0] AndroidManifest.xml:28:9-32
25
26    <uses-permission android:name="android.permission.WAKE_LOCK" /> <!-- Required by older versions of Google Play services to create IID tokens -->
26-->[com.google.android.gms:play-services-measurement-api:17.2.3] AndroidManifest.xml:24:5-68
26-->[com.google.android.gms:play-services-measurement-api:17.2.3] AndroidManifest.xml:24:22-65
27    <uses-permission android:name="com.google.android.c2dm.permission.RECEIVE" />
27-->[com.google.firebase:firebase-iid:20.0.2] AndroidManifest.xml:26:5-82
27-->[com.google.firebase:firebase-iid:20.0.2] AndroidManifest.xml:26:22-79
28    <uses-permission android:name="com.google.android.finsky.permission.BIND_GET_INSTALL_REFERRER_SERVICE" />
28-->[com.google.android.gms:play-services-measurement:17.2.3] AndroidManifest.xml:26:5-110
28-->[com.google.android.gms:play-services-measurement:17.2.3] AndroidManifest.xml:26:22-107
29
30    <application
30-->src\main\AndroidManifest.xml:16:5-61:19
31        android:allowBackup="true"
31-->src\main\AndroidManifest.xml:17:9-35
32        android:appComponentFactory="androidx.core.app.CoreComponentFactory"
32-->[androidx.core:core:1.1.0] AndroidManifest.xml:24:18-86
33        android:debuggable="true"
34        android:icon="@mipmap/ic_launcher"
34-->src\main\AndroidManifest.xml:18:9-43
35        android:label="@string/app_name"
35-->src\main\AndroidManifest.xml:19:9-41
36        android:roundIcon="@mipmap/ic_launcher_round"
36-->src\main\AndroidManifest.xml:20:9-54
37        android:supportsRtl="true"
37-->src\main\AndroidManifest.xml:21:9-35
38        android:testOnly="true"
39        android:theme="@style/AppTheme2" >
39-->src\main\AndroidManifest.xml:22:9-41
40
41        <!--
42             The API key for Google Maps-based APIs is defined as a string resource.
43             (See the file "res/values/google_maps_api.xml").
44             Note that the API key is linked to the encryption key used to sign the APK.
45             You need a different API key for each encryption key, including the release key that is used to
46             sign the APK for publishing.
47             You can define the keys for the debug and release targets in src/debug/ and src/release/.
48        -->
49        <meta-data
49-->src\main\AndroidManifest.xml:32:9-34:55
50            android:name="com.google.android.geo.API_KEY"
50-->src\main\AndroidManifest.xml:33:13-58
51            android:value="@string/google_maps_key" />
51-->src\main\AndroidManifest.xml:34:13-52
52
53        <activity android:name="com.simple_tracking_location.ForgotPaswordActivity" />
53-->src\main\AndroidManifest.xml:36:9-59
53-->src\main\AndroidManifest.xml:36:19-56
54
55        <service
55-->src\main\AndroidManifest.xml:38:9-40:40
56            android:name="com.simple_tracking_location.service.FetchAddressIntentService"
56-->src\main\AndroidManifest.xml:39:13-62
57            android:exported="false" />
57-->src\main\AndroidManifest.xml:40:13-37
58
59        <activity android:name="com.simple_tracking_location.HomeActivity" />
59-->src\main\AndroidManifest.xml:42:9-50
59-->src\main\AndroidManifest.xml:42:19-47
60        <activity
60-->src\main\AndroidManifest.xml:44:9-46:48
61            android:name="com.simple_tracking_location.MapsActivity"
61-->src\main\AndroidManifest.xml:44:19-47
62            android:parentActivityName="com.simple_tracking_location.MainActivity"
62-->src\main\AndroidManifest.xml:45:13-55
63            android:theme="@style/AppTheme2" />
63-->src\main\AndroidManifest.xml:46:13-45
64        <activity
64-->src\main\AndroidManifest.xml:48:9-51:48
65            android:name="com.simple_tracking_location.RegisterActivity"
65-->src\main\AndroidManifest.xml:49:13-45
66            android:parentActivityName="com.simple_tracking_location.MainActivity"
66-->src\main\AndroidManifest.xml:50:13-55
67            android:theme="@style/AppTheme2" />
67-->src\main\AndroidManifest.xml:51:13-45
68        <activity
68-->src\main\AndroidManifest.xml:52:9-60:20
69            android:name="com.simple_tracking_location.MainActivity"
69-->src\main\AndroidManifest.xml:53:13-41
70            android:theme="@style/AppTheme2" >
70-->src\main\AndroidManifest.xml:54:13-45
71            <intent-filter>
71-->src\main\AndroidManifest.xml:55:13-59:29
72                <action android:name="android.intent.action.MAIN" />
72-->src\main\AndroidManifest.xml:56:17-69
72-->src\main\AndroidManifest.xml:56:25-66
73
74                <category android:name="android.intent.category.LAUNCHER" />
74-->src\main\AndroidManifest.xml:58:17-77
74-->src\main\AndroidManifest.xml:58:27-74
75            </intent-filter>
76        </activity>
77        <!-- Autocomplete -->
78        <activity
78-->[com.google.android.libraries.places:places-compat:2.2.0] AndroidManifest.xml:16:9-23:20
79            android:name="com.google.android.libraries.places.widget.AutocompleteActivity"
79-->[com.google.android.libraries.places:places-compat:2.2.0] AndroidManifest.xml:17:13-91
80            android:exported="false"
80-->[com.google.android.libraries.places:places-compat:2.2.0] AndroidManifest.xml:18:13-37
81            android:hardwareAccelerated="true"
81-->[com.google.android.libraries.places:places-compat:2.2.0] AndroidManifest.xml:19:13-47
82            android:label="@string/places_autocomplete_label"
82-->[com.google.android.libraries.places:places-compat:2.2.0] AndroidManifest.xml:20:13-62
83            android:theme="@style/PlacesAutocompleteThemeOverlay"
83-->[com.google.android.libraries.places:places-compat:2.2.0] AndroidManifest.xml:21:13-66
84            android:windowSoftInputMode="stateAlwaysVisible|adjustPan" >
84-->[com.google.android.libraries.places:places-compat:2.2.0] AndroidManifest.xml:22:13-71
85        </activity> <!-- Needs to be explicitly declared on P+ -->
86        <uses-library
86-->[com.google.android.gms:play-services-maps:17.0.0] AndroidManifest.xml:33:9-35:40
87            android:name="org.apache.http.legacy"
87-->[com.google.android.gms:play-services-maps:17.0.0] AndroidManifest.xml:34:13-50
88            android:required="false" />
88-->[com.google.android.gms:play-services-maps:17.0.0] AndroidManifest.xml:35:13-37
89
90        <activity
90-->[com.google.firebase:firebase-auth:19.3.0] AndroidManifest.xml:24:9-31:50
91            android:name="com.google.firebase.auth.internal.FederatedSignInActivity"
91-->[com.google.firebase:firebase-auth:19.3.0] AndroidManifest.xml:25:13-85
92            android:excludeFromRecents="true"
92-->[com.google.firebase:firebase-auth:19.3.0] AndroidManifest.xml:26:13-46
93            android:exported="true"
93-->[com.google.firebase:firebase-auth:19.3.0] AndroidManifest.xml:27:13-36
94            android:launchMode="singleTask"
94-->[com.google.firebase:firebase-auth:19.3.0] AndroidManifest.xml:28:13-44
95            android:permission="com.google.firebase.auth.api.gms.permission.LAUNCH_FEDERATED_SIGN_IN"
95-->[com.google.firebase:firebase-auth:19.3.0] AndroidManifest.xml:29:13-102
96            android:theme="@android:style/Theme.Translucent.NoTitleBar" />
96-->[com.google.firebase:firebase-auth:19.3.0] AndroidManifest.xml:30:13-72
97
98        <service
98-->[com.google.firebase:firebase-auth:19.3.0] AndroidManifest.xml:33:9-39:19
99            android:name="com.google.firebase.components.ComponentDiscoveryService"
99-->[com.google.firebase:firebase-auth:19.3.0] AndroidManifest.xml:34:13-84
100            android:directBootAware="true"
100-->[com.google.firebase:firebase-common:19.3.0] AndroidManifest.xml:34:13-43
101            android:exported="false" >
101-->[com.google.firebase:firebase-auth:19.3.0] AndroidManifest.xml:35:13-37
102            <meta-data
102-->[com.google.firebase:firebase-auth:19.3.0] AndroidManifest.xml:36:13-38:85
103                android:name="com.google.firebase.components:com.google.firebase.auth.FirebaseAuthRegistrar"
103-->[com.google.firebase:firebase-auth:19.3.0] AndroidManifest.xml:37:17-109
104                android:value="com.google.firebase.components.ComponentRegistrar" />
104-->[com.google.firebase:firebase-auth:19.3.0] AndroidManifest.xml:38:17-82
105            <meta-data
105-->[com.google.android.gms:play-services-measurement-api:17.2.3] AndroidManifest.xml:30:13-32:85
106                android:name="com.google.firebase.components:com.google.firebase.analytics.connector.internal.AnalyticsConnectorRegistrar"
106-->[com.google.android.gms:play-services-measurement-api:17.2.3] AndroidManifest.xml:31:17-139
107                android:value="com.google.firebase.components.ComponentRegistrar" />
107-->[com.google.android.gms:play-services-measurement-api:17.2.3] AndroidManifest.xml:32:17-82
108            <meta-data
108-->[com.google.firebase:firebase-iid:20.0.2] AndroidManifest.xml:32:13-34:85
109                android:name="com.google.firebase.components:com.google.firebase.iid.Registrar"
109-->[com.google.firebase:firebase-iid:20.0.2] AndroidManifest.xml:33:17-96
110                android:value="com.google.firebase.components.ComponentRegistrar" />
110-->[com.google.firebase:firebase-iid:20.0.2] AndroidManifest.xml:34:17-82
111        </service>
112
113        <meta-data
113-->[com.google.maps.android:android-maps-utils:0.5] AndroidManifest.xml:8:9-10:69
114            android:name="com.google.android.gms.version"
114-->[com.google.maps.android:android-maps-utils:0.5] AndroidManifest.xml:9:13-58
115            android:value="@integer/google_play_services_version" />
115-->[com.google.maps.android:android-maps-utils:0.5] AndroidManifest.xml:10:13-66
116
117        <receiver
117-->[com.google.firebase:firebase-iid:20.0.2] AndroidManifest.xml:37:9-44:20
118            android:name="com.google.firebase.iid.FirebaseInstanceIdReceiver"
118-->[com.google.firebase:firebase-iid:20.0.2] AndroidManifest.xml:38:13-78
119            android:exported="true"
119-->[com.google.firebase:firebase-iid:20.0.2] AndroidManifest.xml:39:13-36
120            android:permission="com.google.android.c2dm.permission.SEND" >
120-->[com.google.firebase:firebase-iid:20.0.2] AndroidManifest.xml:40:13-73
121            <intent-filter>
121-->[com.google.firebase:firebase-iid:20.0.2] AndroidManifest.xml:41:13-43:29
122                <action android:name="com.google.android.c2dm.intent.RECEIVE" />
122-->[com.google.firebase:firebase-iid:20.0.2] AndroidManifest.xml:42:17-81
122-->[com.google.firebase:firebase-iid:20.0.2] AndroidManifest.xml:42:25-78
123            </intent-filter>
124        </receiver>
125
126        <activity
126-->[com.google.android.gms:play-services-base:17.1.0] AndroidManifest.xml:23:9-26:75
127            android:name="com.google.android.gms.common.api.GoogleApiActivity"
127-->[com.google.android.gms:play-services-base:17.1.0] AndroidManifest.xml:24:13-79
128            android:exported="false"
128-->[com.google.android.gms:play-services-base:17.1.0] AndroidManifest.xml:25:13-37
129            android:theme="@android:style/Theme.Translucent.NoTitleBar" />
129-->[com.google.android.gms:play-services-base:17.1.0] AndroidManifest.xml:26:13-72
130
131        <provider
131-->[com.google.firebase:firebase-common:19.3.0] AndroidManifest.xml:26:9-30:39
132            android:name="com.google.firebase.provider.FirebaseInitProvider"
132-->[com.google.firebase:firebase-common:19.3.0] AndroidManifest.xml:27:13-77
133            android:authorities="com.simple_tracking_location.firebaseinitprovider"
133-->[com.google.firebase:firebase-common:19.3.0] AndroidManifest.xml:28:13-72
134            android:exported="false"
134-->[com.google.firebase:firebase-common:19.3.0] AndroidManifest.xml:29:13-37
135            android:initOrder="100" />
135-->[com.google.firebase:firebase-common:19.3.0] AndroidManifest.xml:30:13-36
136
137        <receiver
137-->[com.google.android.gms:play-services-measurement:17.2.3] AndroidManifest.xml:29:9-33:20
138            android:name="com.google.android.gms.measurement.AppMeasurementReceiver"
138-->[com.google.android.gms:play-services-measurement:17.2.3] AndroidManifest.xml:30:13-85
139            android:enabled="true"
139-->[com.google.android.gms:play-services-measurement:17.2.3] AndroidManifest.xml:31:13-35
140            android:exported="false" >
140-->[com.google.android.gms:play-services-measurement:17.2.3] AndroidManifest.xml:32:13-37
141        </receiver>
142        <receiver
142-->[com.google.android.gms:play-services-measurement:17.2.3] AndroidManifest.xml:34:9-42:20
143            android:name="com.google.android.gms.measurement.AppMeasurementInstallReferrerReceiver"
143-->[com.google.android.gms:play-services-measurement:17.2.3] AndroidManifest.xml:35:13-100
144            android:enabled="true"
144-->[com.google.android.gms:play-services-measurement:17.2.3] AndroidManifest.xml:36:13-35
145            android:exported="true"
145-->[com.google.android.gms:play-services-measurement:17.2.3] AndroidManifest.xml:37:13-36
146            android:permission="android.permission.INSTALL_PACKAGES" >
146-->[com.google.android.gms:play-services-measurement:17.2.3] AndroidManifest.xml:38:13-69
147            <intent-filter>
147-->[com.google.android.gms:play-services-measurement:17.2.3] AndroidManifest.xml:39:13-41:29
148                <action android:name="com.android.vending.INSTALL_REFERRER" />
148-->[com.google.android.gms:play-services-measurement:17.2.3] AndroidManifest.xml:40:17-79
148-->[com.google.android.gms:play-services-measurement:17.2.3] AndroidManifest.xml:40:25-76
149            </intent-filter>
150        </receiver>
151
152        <service
152-->[com.google.android.gms:play-services-measurement:17.2.3] AndroidManifest.xml:44:9-47:40
153            android:name="com.google.android.gms.measurement.AppMeasurementService"
153-->[com.google.android.gms:play-services-measurement:17.2.3] AndroidManifest.xml:45:13-84
154            android:enabled="true"
154-->[com.google.android.gms:play-services-measurement:17.2.3] AndroidManifest.xml:46:13-35
155            android:exported="false" />
155-->[com.google.android.gms:play-services-measurement:17.2.3] AndroidManifest.xml:47:13-37
156        <service
156-->[com.google.android.gms:play-services-measurement:17.2.3] AndroidManifest.xml:48:9-52:72
157            android:name="com.google.android.gms.measurement.AppMeasurementJobService"
157-->[com.google.android.gms:play-services-measurement:17.2.3] AndroidManifest.xml:49:13-87
158            android:enabled="true"
158-->[com.google.android.gms:play-services-measurement:17.2.3] AndroidManifest.xml:50:13-35
159            android:exported="false"
159-->[com.google.android.gms:play-services-measurement:17.2.3] AndroidManifest.xml:51:13-37
160            android:permission="android.permission.BIND_JOB_SERVICE" />
160-->[com.google.android.gms:play-services-measurement:17.2.3] AndroidManifest.xml:52:13-69
161        <service
161-->[com.google.android.datatransport:transport-backend-cct:2.1.0] AndroidManifest.xml:29:9-35:19
162            android:name="com.google.android.datatransport.runtime.backends.TransportBackendDiscovery"
162-->[com.google.android.datatransport:transport-backend-cct:2.1.0] AndroidManifest.xml:30:13-103
163            android:exported="false" >
163-->[com.google.android.datatransport:transport-backend-cct:2.1.0] AndroidManifest.xml:31:13-37
164            <meta-data
164-->[com.google.android.datatransport:transport-backend-cct:2.1.0] AndroidManifest.xml:32:13-34:39
165                android:name="backend:com.google.android.datatransport.cct.CctBackendFactory"
165-->[com.google.android.datatransport:transport-backend-cct:2.1.0] AndroidManifest.xml:33:17-94
166                android:value="cct" />
166-->[com.google.android.datatransport:transport-backend-cct:2.1.0] AndroidManifest.xml:34:17-36
167        </service>
168        <service
168-->[com.google.android.datatransport:transport-runtime:2.1.0] AndroidManifest.xml:26:9-30:19
169            android:name="com.google.android.datatransport.runtime.scheduling.jobscheduling.JobInfoSchedulerService"
169-->[com.google.android.datatransport:transport-runtime:2.1.0] AndroidManifest.xml:27:13-117
170            android:exported="false"
170-->[com.google.android.datatransport:transport-runtime:2.1.0] AndroidManifest.xml:28:13-37
171            android:permission="android.permission.BIND_JOB_SERVICE" >
171-->[com.google.android.datatransport:transport-runtime:2.1.0] AndroidManifest.xml:29:13-69
172        </service>
173
174        <receiver
174-->[com.google.android.datatransport:transport-runtime:2.1.0] AndroidManifest.xml:32:9-34:40
175            android:name="com.google.android.datatransport.runtime.scheduling.jobscheduling.AlarmManagerSchedulerBroadcastReceiver"
175-->[com.google.android.datatransport:transport-runtime:2.1.0] AndroidManifest.xml:33:13-132
176            android:exported="false" />
176-->[com.google.android.datatransport:transport-runtime:2.1.0] AndroidManifest.xml:34:13-37
177
178        <provider
178-->[androidx.lifecycle:lifecycle-process:2.1.0] AndroidManifest.xml:23:9-27:43
179            android:name="androidx.lifecycle.ProcessLifecycleOwnerInitializer"
179-->[androidx.lifecycle:lifecycle-process:2.1.0] AndroidManifest.xml:24:13-79
180            android:authorities="com.simple_tracking_location.lifecycle-process"
180-->[androidx.lifecycle:lifecycle-process:2.1.0] AndroidManifest.xml:25:13-69
181            android:exported="false"
181-->[androidx.lifecycle:lifecycle-process:2.1.0] AndroidManifest.xml:26:13-37
182            android:multiprocess="true" />
182-->[androidx.lifecycle:lifecycle-process:2.1.0] AndroidManifest.xml:27:13-40
183    </application>
184
185</manifest>